<?xml version="1.0" encoding="UTF-8"?>
<!-- Generated by org.testng.reporters.JUnitReportReporter -->
<testsuite hostname="DIN19000582" name="com.Test.First_Demo" tests="1" failures="0" timestamp="6 May 2016 09:00:15 GMT" time="0.009" errors="0">
  <testcase name="PrintHello" time="0.009" classname="com.Test.First_Demo"/>
</testsuite> <!-- com.Test.First_Demo -->
